0 info it worked if it ends with ok
1 verbose cli [ 'node', '/usr/local/bin/npm', 'install', 'morgan' ]
2 info using npm@1.4.28
3 info using node@v0.11.14
4 error Error: Cannot find module '../utils/map-to-registry.js'
4 error     at Function.Module._resolveFilename (module.js:336:15)
4 error     at Function.Module._load (module.js:278:25)
4 error     at Module.require (module.js:365:17)
4 error     at require (module.js:384:17)
4 error     at Object.<anonymous> (/usr/local/lib/node_modules/npm/lib/cache/add-named.js:17:21)
4 error     at Module._compile (module.js:460:26)
4 error     at Object.Module._extensions..js (module.js:478:10)
4 error     at Module.load (module.js:355:32)
4 error     at Function.Module._load (module.js:310:12)
4 error     at Module.require (module.js:365:17)
5 error If you need help, you may report this *entire* log,
5 error including the npm and node versions, at:
5 error     <http://github.com/npm/npm/issues>
6 error System Darwin 14.0.0
7 error command "node" "/usr/local/bin/npm" "install" "morgan"
8 error cwd /Users/macbookpro/Repo/deployer/rest-server
9 error node -v v0.11.14
10 error npm -v 1.4.28
11 error code MODULE_NOT_FOUND
12 verbose exit [ 1, true ]
